[2026-04-06T18:56:35.718+0000] {taskinstance.py:1957} INFO - Dependencies all met for dep_context=non-requeueable deps ti=<TaskInstance: job_intelligence_pipeline.scrape_jobs manual__2026-04-06T18:56:35.171592+00:00 [queued]>
[2026-04-06T18:56:35.733+0000] {taskinstance.py:1957} INFO - Dependencies all met for dep_context=requeueable deps ti=<TaskInstance: job_intelligence_pipeline.scrape_jobs manual__2026-04-06T18:56:35.171592+00:00 [queued]>
[2026-04-06T18:56:35.733+0000] {taskinstance.py:2171} INFO - Starting attempt 1 of 2
[2026-04-06T18:56:35.754+0000] {taskinstance.py:2192} INFO - Executing <Task(PythonOperator): scrape_jobs> on 2026-04-06 18:56:35.171592+00:00
[2026-04-06T18:56:35.766+0000] {standard_task_runner.py:60} INFO - Started process 2089 to run task
[2026-04-06T18:56:35.771+0000] {standard_task_runner.py:87} INFO - Running: ['airflow', 'tasks', 'run', 'job_intelligence_pipeline', 'scrape_jobs', 'manual__2026-04-06T18:56:35.171592+00:00', '--job-id', '36', '--raw', '--subdir', 'DAGS_FOLDER/job_scraper_dag.py', '--cfg-path', '/tmp/tmpoozjk6of']
[2026-04-06T18:56:35.775+0000] {standard_task_runner.py:88} INFO - Job 36: Subtask scrape_jobs
[2026-04-06T18:56:35.840+0000] {task_command.py:423} INFO - Running <TaskInstance: job_intelligence_pipeline.scrape_jobs manual__2026-04-06T18:56:35.171592+00:00 [running]> on host 8407a0e2353e
[2026-04-06T18:56:35.937+0000] {taskinstance.py:2481} INFO - Exporting env vars: AIRFLOW_CTX_DAG_OWNER='saurabh' AIRFLOW_CTX_DAG_ID='job_intelligence_pipeline' AIRFLOW_CTX_TASK_ID='scrape_jobs' AIRFLOW_CTX_EXECUTION_DATE='2026-04-06T18:56:35.171592+00:00' AIRFLOW_CTX_TRY_NUMBER='1' AIRFLOW_CTX_DAG_RUN_ID='manual__2026-04-06T18:56:35.171592+00:00'
[2026-04-06T18:56:47.809+0000] {logging_mixin.py:188} INFO - Status: 200
[2026-04-06T18:56:47.810+0000] {logging_mixin.py:188} INFO - Response keys: ['status', 'request_id', 'parameters', 'data']
[2026-04-06T18:56:47.810+0000] {logging_mixin.py:188} INFO - Status field: OK
[2026-04-06T18:56:47.810+0000] {logging_mixin.py:188} INFO - Data count: 10
[2026-04-06T18:56:47.811+0000] {logging_mixin.py:188} INFO - First job keys: ['job_id', 'job_title', 'employer_name', 'employer_logo', 'employer_website', 'job_publisher', 'job_employment_type', 'job_employment_types', 'job_apply_link', 'job_apply_is_direct', 'apply_options', 'job_description', 'job_is_remote', 'job_posted_at', 'job_posted_at_timestamp', 'job_posted_at_datetime_utc', 'job_location', 'job_city', 'job_state', 'job_country', 'job_latitude', 'job_longitude', 'job_benefits', 'job_google_link', 'job_salary', 'job_min_salary', 'job_max_salary', 'job_salary_period', 'job_highlights', 'job_onet_soc', 'job_onet_job_zone']
[2026-04-06T18:56:47.811+0000] {logging_mixin.py:188} INFO - Sample - Title: Bangalore Career Fair - Data Engineer | Company: ExxonMobil
[2026-04-06T18:56:47.811+0000] {logging_mixin.py:188} INFO - Fetched 10 jobs for 'data engineer'
[2026-04-06T18:56:52.961+0000] {logging_mixin.py:188} INFO - Status: 200
[2026-04-06T18:56:52.962+0000] {logging_mixin.py:188} INFO - Response keys: ['status', 'request_id', 'parameters', 'data']
[2026-04-06T18:56:52.962+0000] {logging_mixin.py:188} INFO - Status field: OK
[2026-04-06T18:56:52.962+0000] {logging_mixin.py:188} INFO - Data count: 10
[2026-04-06T18:56:52.962+0000] {logging_mixin.py:188} INFO - First job keys: ['job_id', 'job_title', 'employer_name', 'employer_logo', 'employer_website', 'job_publisher', 'job_employment_type', 'job_employment_types', 'job_apply_link', 'job_apply_is_direct', 'apply_options', 'job_description', 'job_is_remote', 'job_posted_at', 'job_posted_at_timestamp', 'job_posted_at_datetime_utc', 'job_location', 'job_city', 'job_state', 'job_country', 'job_latitude', 'job_longitude', 'job_benefits', 'job_google_link', 'job_salary', 'job_min_salary', 'job_max_salary', 'job_salary_period', 'job_highlights', 'job_onet_soc', 'job_onet_job_zone']
[2026-04-06T18:56:52.962+0000] {logging_mixin.py:188} INFO - Sample - Title: Senior Analytics Engineer I | Bangalore, IN | Company: Fidelity International
[2026-04-06T18:56:52.963+0000] {logging_mixin.py:188} INFO - Fetched 10 jobs for 'analytics engineer'
[2026-04-06T18:57:01.555+0000] {logging_mixin.py:188} INFO - Status: 200
[2026-04-06T18:57:01.555+0000] {logging_mixin.py:188} INFO - Response keys: ['status', 'request_id', 'parameters', 'data']
[2026-04-06T18:57:01.555+0000] {logging_mixin.py:188} INFO - Status field: OK
[2026-04-06T18:57:01.555+0000] {logging_mixin.py:188} INFO - Data count: 10
[2026-04-06T18:57:01.556+0000] {logging_mixin.py:188} INFO - First job keys: ['job_id', 'job_title', 'employer_name', 'employer_logo', 'employer_website', 'job_publisher', 'job_employment_type', 'job_employment_types', 'job_apply_link', 'job_apply_is_direct', 'apply_options', 'job_description', 'job_is_remote', 'job_posted_at', 'job_posted_at_timestamp', 'job_posted_at_datetime_utc', 'job_location', 'job_city', 'job_state', 'job_country', 'job_latitude', 'job_longitude', 'job_benefits', 'job_google_link', 'job_salary', 'job_min_salary', 'job_max_salary', 'job_salary_period', 'job_highlights', 'job_onet_soc', 'job_onet_job_zone']
[2026-04-06T18:57:01.556+0000] {logging_mixin.py:188} INFO - Sample - Title: ETL Developer | Company: Luxoft
[2026-04-06T18:57:01.556+0000] {logging_mixin.py:188} INFO - Fetched 10 jobs for 'ETL developer'
[2026-04-06T18:57:02.583+0000] {logging_mixin.py:188} INFO - Saved 30 jobs to database
[2026-04-06T18:57:02.583+0000] {logging_mixin.py:188} INFO - Total jobs scraped and saved: 30
[2026-04-06T18:57:02.584+0000] {python.py:201} INFO - Done. Returned value was: 30
[2026-04-06T18:57:02.608+0000] {taskinstance.py:1138} INFO - Marking task as SUCCESS. dag_id=job_intelligence_pipeline, task_id=scrape_jobs, execution_date=20260406T185635, start_date=20260406T185635, end_date=20260406T185702
[2026-04-06T18:57:02.628+0000] {local_task_job_runner.py:234} INFO - Task exited with return code 0
[2026-04-06T18:57:02.645+0000] {taskinstance.py:3281} INFO - 1 downstream tasks scheduled from follow-on schedule check
