[2026-04-06T18:51:02.399+0000] {taskinstance.py:1957} INFO - Dependencies all met for dep_context=non-requeueable deps ti=<TaskInstance: job_intelligence_pipeline.scrape_jobs manual__2026-04-06T18:46:01.105447+00:00 [queued]>
[2026-04-06T18:51:02.404+0000] {taskinstance.py:1957} INFO - Dependencies all met for dep_context=requeueable deps ti=<TaskInstance: job_intelligence_pipeline.scrape_jobs manual__2026-04-06T18:46:01.105447+00:00 [queued]>
[2026-04-06T18:51:02.404+0000] {taskinstance.py:2171} INFO - Starting attempt 2 of 2
[2026-04-06T18:51:02.413+0000] {taskinstance.py:2192} INFO - Executing <Task(PythonOperator): scrape_jobs> on 2026-04-06 18:46:01.105447+00:00
[2026-04-06T18:51:02.419+0000] {standard_task_runner.py:60} INFO - Started process 2029 to run task
[2026-04-06T18:51:02.422+0000] {standard_task_runner.py:87} INFO - Running: ['airflow', 'tasks', 'run', 'job_intelligence_pipeline', 'scrape_jobs', 'manual__2026-04-06T18:46:01.105447+00:00', '--job-id', '31', '--raw', '--subdir', 'DAGS_FOLDER/job_scraper_dag.py', '--cfg-path', '/tmp/tmpaw0g_xba']
[2026-04-06T18:51:02.425+0000] {standard_task_runner.py:88} INFO - Job 31: Subtask scrape_jobs
[2026-04-06T18:51:02.474+0000] {task_command.py:423} INFO - Running <TaskInstance: job_intelligence_pipeline.scrape_jobs manual__2026-04-06T18:46:01.105447+00:00 [running]> on host 8407a0e2353e
[2026-04-06T18:51:02.550+0000] {taskinstance.py:2481} INFO - Exporting env vars: AIRFLOW_CTX_DAG_OWNER='saurabh' AIRFLOW_CTX_DAG_ID='job_intelligence_pipeline' AIRFLOW_CTX_TASK_ID='scrape_jobs' AIRFLOW_CTX_EXECUTION_DATE='2026-04-06T18:46:01.105447+00:00' AIRFLOW_CTX_TRY_NUMBER='2' AIRFLOW_CTX_DAG_RUN_ID='manual__2026-04-06T18:46:01.105447+00:00'
[2026-04-06T18:51:02.764+0000] {logging_mixin.py:188} INFO - Status: 429
[2026-04-06T18:51:02.764+0000] {logging_mixin.py:188} INFO - Response keys: ['message']
[2026-04-06T18:51:02.764+0000] {logging_mixin.py:188} INFO - Status field: None
[2026-04-06T18:51:02.764+0000] {logging_mixin.py:188} INFO - Data count: 0
[2026-04-06T18:51:02.764+0000] {logging_mixin.py:188} INFO - Full response: {'message': 'Too many requests'}
[2026-04-06T18:51:02.764+0000] {logging_mixin.py:188} INFO - Fetched 0 jobs for 'data engineer'
[2026-04-06T18:51:03.968+0000] {logging_mixin.py:188} INFO - Status: 429
[2026-04-06T18:51:03.968+0000] {logging_mixin.py:188} INFO - Response keys: ['message']
[2026-04-06T18:51:03.969+0000] {logging_mixin.py:188} INFO - Status field: None
[2026-04-06T18:51:03.969+0000] {logging_mixin.py:188} INFO - Data count: 0
[2026-04-06T18:51:03.969+0000] {logging_mixin.py:188} INFO - Full response: {'message': 'Too many requests'}
[2026-04-06T18:51:03.969+0000] {logging_mixin.py:188} INFO - Fetched 0 jobs for 'analytics engineer'
[2026-04-06T18:51:05.579+0000] {logging_mixin.py:188} INFO - Status: 403
[2026-04-06T18:51:05.579+0000] {logging_mixin.py:188} INFO - Response keys: ['message']
[2026-04-06T18:51:05.579+0000] {logging_mixin.py:188} INFO - Status field: None
[2026-04-06T18:51:05.580+0000] {logging_mixin.py:188} INFO - Data count: 0
[2026-04-06T18:51:05.580+0000] {logging_mixin.py:188} INFO - Full response: {'message': 'You are not subscribed to this API.'}
[2026-04-06T18:51:05.580+0000] {logging_mixin.py:188} INFO - Fetched 0 jobs for 'ETL developer'
[2026-04-06T18:51:06.581+0000] {logging_mixin.py:188} INFO - No jobs to save
[2026-04-06T18:51:06.582+0000] {logging_mixin.py:188} INFO - Total jobs scraped and saved: 0
[2026-04-06T18:51:06.582+0000] {python.py:201} INFO - Done. Returned value was: 0
[2026-04-06T18:51:06.606+0000] {taskinstance.py:1138} INFO - Marking task as SUCCESS. dag_id=job_intelligence_pipeline, task_id=scrape_jobs, execution_date=20260406T184601, start_date=20260406T185102, end_date=20260406T185106
[2026-04-06T18:51:06.644+0000] {local_task_job_runner.py:234} INFO - Task exited with return code 0
[2026-04-06T18:51:06.663+0000] {taskinstance.py:3281} INFO - 1 downstream tasks scheduled from follow-on schedule check
