[2026-04-06T18:52:56.509+0000] {taskinstance.py:1957} INFO - Dependencies all met for dep_context=non-requeueable deps ti=<TaskInstance: job_intelligence_pipeline.scrape_jobs manual__2026-04-06T18:52:55.687437+00:00 [queued]>
[2026-04-06T18:52:56.520+0000] {taskinstance.py:1957} INFO - Dependencies all met for dep_context=requeueable deps ti=<TaskInstance: job_intelligence_pipeline.scrape_jobs manual__2026-04-06T18:52:55.687437+00:00 [queued]>
[2026-04-06T18:52:56.521+0000] {taskinstance.py:2171} INFO - Starting attempt 1 of 2
[2026-04-06T18:52:56.535+0000] {taskinstance.py:2192} INFO - Executing <Task(PythonOperator): scrape_jobs> on 2026-04-06 18:52:55.687437+00:00
[2026-04-06T18:52:56.543+0000] {standard_task_runner.py:60} INFO - Started process 2055 to run task
[2026-04-06T18:52:56.547+0000] {standard_task_runner.py:87} INFO - Running: ['airflow', 'tasks', 'run', 'job_intelligence_pipeline', 'scrape_jobs', 'manual__2026-04-06T18:52:55.687437+00:00', '--job-id', '34', '--raw', '--subdir', 'DAGS_FOLDER/job_scraper_dag.py', '--cfg-path', '/tmp/tmp88_3wbld']
[2026-04-06T18:52:56.553+0000] {standard_task_runner.py:88} INFO - Job 34: Subtask scrape_jobs
[2026-04-06T18:52:56.633+0000] {task_command.py:423} INFO - Running <TaskInstance: job_intelligence_pipeline.scrape_jobs manual__2026-04-06T18:52:55.687437+00:00 [running]> on host 8407a0e2353e
[2026-04-06T18:52:56.720+0000] {taskinstance.py:2481} INFO - Exporting env vars: AIRFLOW_CTX_DAG_OWNER='saurabh' AIRFLOW_CTX_DAG_ID='job_intelligence_pipeline' AIRFLOW_CTX_TASK_ID='scrape_jobs' AIRFLOW_CTX_EXECUTION_DATE='2026-04-06T18:52:55.687437+00:00' AIRFLOW_CTX_TRY_NUMBER='1' AIRFLOW_CTX_DAG_RUN_ID='manual__2026-04-06T18:52:55.687437+00:00'
[2026-04-06T18:52:57.362+0000] {logging_mixin.py:188} INFO - Status: 403
[2026-04-06T18:52:57.362+0000] {logging_mixin.py:188} INFO - Response keys: ['message']
[2026-04-06T18:52:57.363+0000] {logging_mixin.py:188} INFO - Status field: None
[2026-04-06T18:52:57.363+0000] {logging_mixin.py:188} INFO - Data count: 0
[2026-04-06T18:52:57.363+0000] {logging_mixin.py:188} INFO - Full response: {'message': 'You are not subscribed to this API.'}
[2026-04-06T18:52:57.363+0000] {logging_mixin.py:188} INFO - Fetched 0 jobs for 'data engineer'
[2026-04-06T18:52:58.614+0000] {logging_mixin.py:188} INFO - Status: 429
[2026-04-06T18:52:58.615+0000] {logging_mixin.py:188} INFO - Response keys: ['message']
[2026-04-06T18:52:58.615+0000] {logging_mixin.py:188} INFO - Status field: None
[2026-04-06T18:52:58.615+0000] {logging_mixin.py:188} INFO - Data count: 0
[2026-04-06T18:52:58.615+0000] {logging_mixin.py:188} INFO - Full response: {'message': 'Too many requests'}
[2026-04-06T18:52:58.615+0000] {logging_mixin.py:188} INFO - Fetched 0 jobs for 'analytics engineer'
[2026-04-06T18:53:00.230+0000] {logging_mixin.py:188} INFO - Status: 403
[2026-04-06T18:53:00.230+0000] {logging_mixin.py:188} INFO - Response keys: ['message']
[2026-04-06T18:53:00.230+0000] {logging_mixin.py:188} INFO - Status field: None
[2026-04-06T18:53:00.230+0000] {logging_mixin.py:188} INFO - Data count: 0
[2026-04-06T18:53:00.230+0000] {logging_mixin.py:188} INFO - Full response: {'message': 'You are not subscribed to this API.'}
[2026-04-06T18:53:00.230+0000] {logging_mixin.py:188} INFO - Fetched 0 jobs for 'ETL developer'
[2026-04-06T18:53:01.232+0000] {logging_mixin.py:188} INFO - No jobs to save
[2026-04-06T18:53:01.233+0000] {logging_mixin.py:188} INFO - Total jobs scraped and saved: 0
[2026-04-06T18:53:01.233+0000] {python.py:201} INFO - Done. Returned value was: 0
[2026-04-06T18:53:01.259+0000] {taskinstance.py:1138} INFO - Marking task as SUCCESS. dag_id=job_intelligence_pipeline, task_id=scrape_jobs, execution_date=20260406T185255, start_date=20260406T185256, end_date=20260406T185301
[2026-04-06T18:53:01.293+0000] {local_task_job_runner.py:234} INFO - Task exited with return code 0
[2026-04-06T18:53:01.317+0000] {taskinstance.py:3281} INFO - 1 downstream tasks scheduled from follow-on schedule check
