[2026-04-06T15:27:16.749+0000] {taskinstance.py:1957} INFO - Dependencies all met for dep_context=non-requeueable deps ti=<TaskInstance: job_intelligence_pipeline.scrape_jobs scheduled__2026-04-05T09:00:00+00:00 [queued]>
[2026-04-06T15:27:16.755+0000] {taskinstance.py:1957} INFO - Dependencies all met for dep_context=requeueable deps ti=<TaskInstance: job_intelligence_pipeline.scrape_jobs scheduled__2026-04-05T09:00:00+00:00 [queued]>
[2026-04-06T15:27:16.756+0000] {taskinstance.py:2171} INFO - Starting attempt 1 of 2
[2026-04-06T15:27:16.766+0000] {taskinstance.py:2192} INFO - Executing <Task(PythonOperator): scrape_jobs> on 2026-04-05 09:00:00+00:00
[2026-04-06T15:27:16.772+0000] {standard_task_runner.py:60} INFO - Started process 190 to run task
[2026-04-06T15:27:16.776+0000] {standard_task_runner.py:87} INFO - Running: ['airflow', 'tasks', 'run', 'job_intelligence_pipeline', 'scrape_jobs', 'scheduled__2026-04-05T09:00:00+00:00', '--job-id', '3', '--raw', '--subdir', 'DAGS_FOLDER/job_scraper_dag.py', '--cfg-path', '/tmp/tmpmmif4fsr']
[2026-04-06T15:27:16.778+0000] {standard_task_runner.py:88} INFO - Job 3: Subtask scrape_jobs
[2026-04-06T15:27:16.830+0000] {task_command.py:423} INFO - Running <TaskInstance: job_intelligence_pipeline.scrape_jobs scheduled__2026-04-05T09:00:00+00:00 [running]> on host 3ac9cfc55192
[2026-04-06T15:27:16.901+0000] {taskinstance.py:2481} INFO - Exporting env vars: AIRFLOW_CTX_DAG_OWNER='saurabh' AIRFLOW_CTX_DAG_ID='job_intelligence_pipeline' AIRFLOW_CTX_TASK_ID='scrape_jobs' AIRFLOW_CTX_EXECUTION_DATE='2026-04-05T09:00:00+00:00' AIRFLOW_CTX_TRY_NUMBER='1' AIRFLOW_CTX_DAG_RUN_ID='scheduled__2026-04-05T09:00:00+00:00'
[2026-04-06T15:27:17.198+0000] {logging_mixin.py:188} INFO - Scraped 0 jobs from Naukri
[2026-04-06T15:27:19.351+0000] {logging_mixin.py:188} INFO - Scraped 0 jobs from Naukri
[2026-04-06T15:27:21.503+0000] {logging_mixin.py:188} INFO - Scraped 0 jobs from Naukri
[2026-04-06T15:27:23.507+0000] {taskinstance.py:2699} ERROR - Task failed with exception
Traceback (most recent call last):
  File "/home/airflow/.local/lib/python3.8/site-packages/airflow/models/taskinstance.py", line 433, in _execute_task
    result = execute_callable(context=context, **execute_callable_kwargs)
  File "/home/airflow/.local/lib/python3.8/site-packages/airflow/operators/python.py", line 199, in execute
    return_value = self.execute_callable()
  File "/home/airflow/.local/lib/python3.8/site-packages/airflow/operators/python.py", line 216, in execute_callable
    return self.python_callable(*self.op_args, **self.op_kwargs)
  File "/opt/airflow/dags/job_scraper_dag.py", line 26, in run_scraper
    save_jobs_to_db(all_jobs)
  File "/opt/airflow/dags/scripts/scraper.py", line 64, in save_jobs_to_db
    conn = get_db_connection()
  File "/opt/airflow/dags/scripts/scraper.py", line 9, in get_db_connection
    return psycopg2.connect(
  File "/home/airflow/.local/lib/python3.8/site-packages/psycopg2/__init__.py", line 122, in connect
    conn = _connect(dsn, connection_factory=connection_factory, **kwasync)
psycopg2.OperationalError: connection to server at "localhost" (::1), port 5432 failed: Connection refused
	Is the server running on that host and accepting TCP/IP connections?
connection to server at "localhost" (127.0.0.1), port 5432 failed: Connection refused
	Is the server running on that host and accepting TCP/IP connections?

[2026-04-06T15:27:23.530+0000] {taskinstance.py:1138} INFO - Marking task as UP_FOR_RETRY. dag_id=job_intelligence_pipeline, task_id=scrape_jobs, execution_date=20260405T090000, start_date=20260406T152716, end_date=20260406T152723
[2026-04-06T15:27:23.543+0000] {standard_task_runner.py:107} ERROR - Failed to execute job 3 for task scrape_jobs (connection to server at "localhost" (::1), port 5432 failed: Connection refused
	Is the server running on that host and accepting TCP/IP connections?
connection to server at "localhost" (127.0.0.1), port 5432 failed: Connection refused
	Is the server running on that host and accepting TCP/IP connections?
; 190)
[2026-04-06T15:27:23.563+0000] {local_task_job_runner.py:234} INFO - Task exited with return code 1
[2026-04-06T15:27:23.584+0000] {taskinstance.py:3281} INFO - 0 downstream tasks scheduled from follow-on schedule check
