[2026-04-06T15:55:26.523+0000] {taskinstance.py:1957} INFO - Dependencies all met for dep_context=non-requeueable deps ti=<TaskInstance: job_intelligence_pipeline.scrape_jobs manual__2026-04-06T15:50:25.391920+00:00 [queued]>
[2026-04-06T15:55:26.529+0000] {taskinstance.py:1957} INFO - Dependencies all met for dep_context=requeueable deps ti=<TaskInstance: job_intelligence_pipeline.scrape_jobs manual__2026-04-06T15:50:25.391920+00:00 [queued]>
[2026-04-06T15:55:26.529+0000] {taskinstance.py:2171} INFO - Starting attempt 2 of 2
[2026-04-06T15:55:26.539+0000] {taskinstance.py:2192} INFO - Executing <Task(PythonOperator): scrape_jobs> on 2026-04-06 15:50:25.391920+00:00
[2026-04-06T15:55:26.544+0000] {standard_task_runner.py:60} INFO - Started process 363 to run task
[2026-04-06T15:55:26.547+0000] {standard_task_runner.py:87} INFO - Running: ['airflow', 'tasks', 'run', 'job_intelligence_pipeline', 'scrape_jobs', 'manual__2026-04-06T15:50:25.391920+00:00', '--job-id', '18', '--raw', '--subdir', 'DAGS_FOLDER/job_scraper_dag.py', '--cfg-path', '/tmp/tmpmdltdpsr']
[2026-04-06T15:55:26.550+0000] {standard_task_runner.py:88} INFO - Job 18: Subtask scrape_jobs
[2026-04-06T15:55:26.603+0000] {task_command.py:423} INFO - Running <TaskInstance: job_intelligence_pipeline.scrape_jobs manual__2026-04-06T15:50:25.391920+00:00 [running]> on host 8407a0e2353e
[2026-04-06T15:55:26.687+0000] {taskinstance.py:2481} INFO - Exporting env vars: AIRFLOW_CTX_DAG_OWNER='saurabh' AIRFLOW_CTX_DAG_ID='job_intelligence_pipeline' AIRFLOW_CTX_TASK_ID='scrape_jobs' AIRFLOW_CTX_EXECUTION_DATE='2026-04-06T15:50:25.391920+00:00' AIRFLOW_CTX_TRY_NUMBER='2' AIRFLOW_CTX_DAG_RUN_ID='manual__2026-04-06T15:50:25.391920+00:00'
[2026-04-06T15:55:26.688+0000] {logging_mixin.py:188} INFO - No API key yet — using mock data for testing
[2026-04-06T15:55:26.688+0000] {logging_mixin.py:188} INFO - Returning 5 mock jobs for 'data engineer'
[2026-04-06T15:55:27.689+0000] {logging_mixin.py:188} INFO - No API key yet — using mock data for testing
[2026-04-06T15:55:27.689+0000] {logging_mixin.py:188} INFO - Returning 5 mock jobs for 'analytics engineer'
[2026-04-06T15:55:28.690+0000] {logging_mixin.py:188} INFO - No API key yet — using mock data for testing
[2026-04-06T15:55:28.690+0000] {logging_mixin.py:188} INFO - Returning 5 mock jobs for 'ETL developer'
[2026-04-06T15:55:29.702+0000] {logging_mixin.py:188} INFO - Saved 15 jobs to database
[2026-04-06T15:55:29.702+0000] {logging_mixin.py:188} INFO - Total jobs scraped and saved: 15
[2026-04-06T15:55:29.702+0000] {python.py:201} INFO - Done. Returned value was: 15
[2026-04-06T15:55:29.725+0000] {taskinstance.py:1138} INFO - Marking task as SUCCESS. dag_id=job_intelligence_pipeline, task_id=scrape_jobs, execution_date=20260406T155025, start_date=20260406T155526, end_date=20260406T155529
[2026-04-06T15:55:29.768+0000] {local_task_job_runner.py:234} INFO - Task exited with return code 0
[2026-04-06T15:55:29.789+0000] {taskinstance.py:3281} INFO - 1 downstream tasks scheduled from follow-on schedule check
