[2026-04-06T15:52:45.642+0000] {taskinstance.py:1957} INFO - Dependencies all met for dep_context=non-requeueable deps ti=<TaskInstance: job_intelligence_pipeline.scrape_jobs manual__2026-04-06T15:52:44.951691+00:00 [queued]>
[2026-04-06T15:52:45.651+0000] {taskinstance.py:1957} INFO - Dependencies all met for dep_context=requeueable deps ti=<TaskInstance: job_intelligence_pipeline.scrape_jobs manual__2026-04-06T15:52:44.951691+00:00 [queued]>
[2026-04-06T15:52:45.651+0000] {taskinstance.py:2171} INFO - Starting attempt 1 of 2
[2026-04-06T15:52:45.663+0000] {taskinstance.py:2192} INFO - Executing <Task(PythonOperator): scrape_jobs> on 2026-04-06 15:52:44.951691+00:00
[2026-04-06T15:52:45.669+0000] {standard_task_runner.py:60} INFO - Started process 330 to run task
[2026-04-06T15:52:45.673+0000] {standard_task_runner.py:87} INFO - Running: ['airflow', 'tasks', 'run', 'job_intelligence_pipeline', 'scrape_jobs', 'manual__2026-04-06T15:52:44.951691+00:00', '--job-id', '14', '--raw', '--subdir', 'DAGS_FOLDER/job_scraper_dag.py', '--cfg-path', '/tmp/tmpddalelg9']
[2026-04-06T15:52:45.677+0000] {standard_task_runner.py:88} INFO - Job 14: Subtask scrape_jobs
[2026-04-06T15:52:45.749+0000] {task_command.py:423} INFO - Running <TaskInstance: job_intelligence_pipeline.scrape_jobs manual__2026-04-06T15:52:44.951691+00:00 [running]> on host 8407a0e2353e
[2026-04-06T15:52:45.852+0000] {taskinstance.py:2481} INFO - Exporting env vars: AIRFLOW_CTX_DAG_OWNER='saurabh' AIRFLOW_CTX_DAG_ID='job_intelligence_pipeline' AIRFLOW_CTX_TASK_ID='scrape_jobs' AIRFLOW_CTX_EXECUTION_DATE='2026-04-06T15:52:44.951691+00:00' AIRFLOW_CTX_TRY_NUMBER='1' AIRFLOW_CTX_DAG_RUN_ID='manual__2026-04-06T15:52:44.951691+00:00'
[2026-04-06T15:52:45.854+0000] {logging_mixin.py:188} INFO - No API key yet — using mock data for testing
[2026-04-06T15:52:45.855+0000] {logging_mixin.py:188} INFO - Returning 5 mock jobs for 'data engineer'
[2026-04-06T15:52:46.855+0000] {logging_mixin.py:188} INFO - No API key yet — using mock data for testing
[2026-04-06T15:52:46.855+0000] {logging_mixin.py:188} INFO - Returning 5 mock jobs for 'analytics engineer'
[2026-04-06T15:52:48.185+0000] {logging_mixin.py:188} INFO - No API key yet — using mock data for testing
[2026-04-06T15:52:48.186+0000] {logging_mixin.py:188} INFO - Returning 5 mock jobs for 'ETL developer'
[2026-04-06T15:52:51.579+0000] {logging_mixin.py:188} INFO - Saved 15 jobs to database
[2026-04-06T15:52:51.580+0000] {logging_mixin.py:188} INFO - Total jobs scraped and saved: 15
[2026-04-06T15:52:51.580+0000] {python.py:201} INFO - Done. Returned value was: 15
[2026-04-06T15:52:51.604+0000] {taskinstance.py:1138} INFO - Marking task as SUCCESS. dag_id=job_intelligence_pipeline, task_id=scrape_jobs, execution_date=20260406T155244, start_date=20260406T155245, end_date=20260406T155251
[2026-04-06T15:52:51.633+0000] {local_task_job_runner.py:234} INFO - Task exited with return code 0
[2026-04-06T15:52:51.654+0000] {taskinstance.py:3281} INFO - 1 downstream tasks scheduled from follow-on schedule check
