[2026-04-06T18:47:09.727+0000] {taskinstance.py:1957} INFO - Dependencies all met for dep_context=non-requeueable deps ti=<TaskInstance: job_intelligence_pipeline.scrape_jobs manual__2026-04-06T18:47:09.171285+00:00 [queued]>
[2026-04-06T18:47:09.734+0000] {taskinstance.py:1957} INFO - Dependencies all met for dep_context=requeueable deps ti=<TaskInstance: job_intelligence_pipeline.scrape_jobs manual__2026-04-06T18:47:09.171285+00:00 [queued]>
[2026-04-06T18:47:09.735+0000] {taskinstance.py:2171} INFO - Starting attempt 1 of 2
[2026-04-06T18:47:09.747+0000] {taskinstance.py:2192} INFO - Executing <Task(PythonOperator): scrape_jobs> on 2026-04-06 18:47:09.171285+00:00
[2026-04-06T18:47:09.753+0000] {standard_task_runner.py:60} INFO - Started process 1976 to run task
[2026-04-06T18:47:09.757+0000] {standard_task_runner.py:87} INFO - Running: ['airflow', 'tasks', 'run', 'job_intelligence_pipeline', 'scrape_jobs', 'manual__2026-04-06T18:47:09.171285+00:00', '--job-id', '22', '--raw', '--subdir', 'DAGS_FOLDER/job_scraper_dag.py', '--cfg-path', '/tmp/tmpptpjnwe6']
[2026-04-06T18:47:09.760+0000] {standard_task_runner.py:88} INFO - Job 22: Subtask scrape_jobs
[2026-04-06T18:47:09.818+0000] {task_command.py:423} INFO - Running <TaskInstance: job_intelligence_pipeline.scrape_jobs manual__2026-04-06T18:47:09.171285+00:00 [running]> on host 8407a0e2353e
[2026-04-06T18:47:09.915+0000] {taskinstance.py:2481} INFO - Exporting env vars: AIRFLOW_CTX_DAG_OWNER='saurabh' AIRFLOW_CTX_DAG_ID='job_intelligence_pipeline' AIRFLOW_CTX_TASK_ID='scrape_jobs' AIRFLOW_CTX_EXECUTION_DATE='2026-04-06T18:47:09.171285+00:00' AIRFLOW_CTX_TRY_NUMBER='1' AIRFLOW_CTX_DAG_RUN_ID='manual__2026-04-06T18:47:09.171285+00:00'
[2026-04-06T18:47:09.921+0000] {logging_mixin.py:188} INFO - No API key yet — using mock data for testing
[2026-04-06T18:47:09.921+0000] {logging_mixin.py:188} INFO - Returning 5 mock jobs for 'data engineer'
[2026-04-06T18:47:10.922+0000] {logging_mixin.py:188} INFO - No API key yet — using mock data for testing
[2026-04-06T18:47:10.923+0000] {logging_mixin.py:188} INFO - Returning 5 mock jobs for 'analytics engineer'
[2026-04-06T18:47:11.924+0000] {logging_mixin.py:188} INFO - No API key yet — using mock data for testing
[2026-04-06T18:47:11.924+0000] {logging_mixin.py:188} INFO - Returning 5 mock jobs for 'ETL developer'
[2026-04-06T18:47:12.937+0000] {logging_mixin.py:188} INFO - Saved 15 jobs to database
[2026-04-06T18:47:12.937+0000] {logging_mixin.py:188} INFO - Total jobs scraped and saved: 15
[2026-04-06T18:47:12.937+0000] {python.py:201} INFO - Done. Returned value was: 15
[2026-04-06T18:47:12.965+0000] {taskinstance.py:1138} INFO - Marking task as SUCCESS. dag_id=job_intelligence_pipeline, task_id=scrape_jobs, execution_date=20260406T184709, start_date=20260406T184709, end_date=20260406T184712
[2026-04-06T18:47:13.019+0000] {local_task_job_runner.py:234} INFO - Task exited with return code 0
[2026-04-06T18:47:13.054+0000] {taskinstance.py:3281} INFO - 0 downstream tasks scheduled from follow-on schedule check
